0 info it worked if it ends with ok
1 verbose cli [ 'D:\\Program Files\\nodejs\\node.exe',
1 verbose cli   'D:\\Program Files\\nodejs\\node_modules\\npm\\bin\\npm-cli.js',
1 verbose cli   'start' ]
2 info using npm@3.10.10
3 info using node@v6.10.1
4 verbose run-script [ 'prestart', 'start', 'poststart' ]
5 info lifecycle lovevox-site@1.0.1~prestart: lovevox-site@1.0.1
6 silly lifecycle lovevox-site@1.0.1~prestart: no script for prestart, continuing
7 info lifecycle lovevox-site@1.0.1~start: lovevox-site@1.0.1
8 verbose lifecycle lovevox-site@1.0.1~start: unsafe-perm in lifecycle true
9 verbose lifecycle lovevox-site@1.0.1~start: PATH: D:\Program Files\nodejs\node_modules\npm\bin\node-gyp-bin;D:\Node\555\node_modules\.bin;C:\Program Files\ImageMagick-7.0.1-Q16;C:\Ruby22-x64\bin;C:\WINDOWS\system32;C:\WINDOWS;C:\WINDOWS\System32\Wbem;C:\WINDOWS\System32\WindowsPowerShell\v1.0\;C:\Program Files\TortoiseSVN\bin;D:\Program Files\nodejs\;C:\Users\Administrator\AppData\Local\Microsoft\WindowsApps;C:\Users\Administrator\AppData\Roaming\npm
10 verbose lifecycle lovevox-site@1.0.1~start: CWD: D:\Node\555
11 silly lifecycle lovevox-site@1.0.1~start: Args: [ '/d /s /c', 'supervisor ./bin/www' ]
12 silly lifecycle lovevox-site@1.0.1~start: Returned: code: 3221225786  signal: null
13 info lifecycle lovevox-site@1.0.1~start: Failed to exec start script
14 verbose stack Error: lovevox-site@1.0.1 start: `supervisor ./bin/www`
14 verbose stack Exit status 3221225786
14 verbose stack     at EventEmitter.<anonymous> (D:\Program Files\nodejs\node_modules\npm\lib\utils\lifecycle.js:255:16)
14 verbose stack     at emitTwo (events.js:106:13)
14 verbose stack     at EventEmitter.emit (events.js:191:7)
14 verbose stack     at ChildProcess.<anonymous> (D:\Program Files\nodejs\node_modules\npm\lib\utils\spawn.js:40:14)
14 verbose stack     at emitTwo (events.js:106:13)
14 verbose stack     at ChildProcess.emit (events.js:191:7)
14 verbose stack     at maybeClose (internal/child_process.js:886:16)
14 verbose stack     at Process.ChildProcess._handle.onexit (internal/child_process.js:226:5)
15 verbose pkgid lovevox-site@1.0.1
16 verbose cwd D:\Node\555
17 error Windows_NT 10.0.14393
18 error argv "D:\\Program Files\\nodejs\\node.exe" "D:\\Program Files\\nodejs\\node_modules\\npm\\bin\\npm-cli.js" "start"
19 error node v6.10.1
20 error npm  v3.10.10
21 error code ELIFECYCLE
22 error lovevox-site@1.0.1 start: `supervisor ./bin/www`
22 error Exit status 3221225786
23 error Failed at the lovevox-site@1.0.1 start script 'supervisor ./bin/www'.
23 error Make sure you have the latest version of node.js and npm installed.
23 error If you do, this is most likely a problem with the lovevox-site package,
23 error not with npm itself.
23 error Tell the author that this fails on your system:
23 error     supervisor ./bin/www
23 error You can get information on how to open an issue for this project with:
23 error     npm bugs lovevox-site
23 error Or if that isn't available, you can get their info via:
23 error     npm owner ls lovevox-site
23 error There is likely additional logging output above.
24 verbose exit [ 1, true ]
